<?xml version="1.0" encoding="UTF-8"?>
<!-- Generated by org.testng.reporters.JUnitReportReporter -->
<testsuite skipped="0" hostname="sahithi-PC" name="runner.TestRunner" tests="12" failures="0" timestamp="2022-08-16T21:32:07 IST" time="4.317" errors="0">
  <testcase name="runScenario" time="0.221" classname="runner.TestRunner"/>
  <system-out/>
  <testcase name="runScenario" time="0.190" classname="runner.TestRunner"/>
  <system-out/>
  <testcase name="runScenario" time="0.200" classname="runner.TestRunner"/>
  <system-out/>
  <testcase name="runScenario" time="0.192" classname="runner.TestRunner"/>
  <system-out/>
  <testcase name="runScenario" time="0.266" classname="runner.TestRunner"/>
  <system-out/>
  <testcase name="runScenario" time="0.116" classname="runner.TestRunner"/>
  <system-out/>
  <testcase name="runScenario" time="0.097" classname="runner.TestRunner"/>
  <system-out/>
  <testcase name="runScenario" time="0.677" classname="runner.TestRunner"/>
  <system-out/>
  <testcase name="runScenario" time="1.841" classname="runner.TestRunner"/>
  <system-out/>
  <testcase name="runScenario" time="0.108" classname="runner.TestRunner"/>
  <system-out/>
  <testcase name="runScenario" time="0.280" classname="runner.TestRunner"/>
  <system-out/>
  <testcase name="runScenario" time="0.129" classname="runner.TestRunner"/>
  <system-out/>
</testsuite> <!-- runner.TestRunner -->
